e:\tai_lieu\kythuatdohoa\cohen_sutherland\release\vc140.pdb
e:\tai_lieu\kythuatdohoa\cohen_sutherland\release\vat2.obj
e:\tai_lieu\kythuatdohoa\cohen_sutherland\release\vat1.obj
e:\tai_lieu\kythuatdohoa\cohen_sutherland\release\main.obj
e:\tai_lieu\kythuatdohoa\cohen_sutherland\release\linemidpoint.obj
e:\tai_lieu\kythuatdohoa\cohen_sutherland\release\hinhtru.obj
e:\tai_lieu\kythuatdohoa\cohen_sutherland\release\hinhhop.obj
e:\tai_lieu\kythuatdohoa\cohen_sutherland\release\eclipmidpoint.obj
e:\tai_lieu\kythuatdohoa\cohen_sutherland\release\drawmultiple.obj
e:\tai_lieu\kythuatdohoa\cohen_sutherland\release\control.obj
e:\tai_lieu\kythuatdohoa\cohen_sutherland\release\cohen_sutherland.obj
e:\tai_lieu\kythuatdohoa\cohen_sutherland\release\circlemidpoint.obj
e:\tai_lieu\kythuatdohoa\cohen_sutherland\release\bd2d.obj
e:\tai_lieu\kythuatdohoa\cohen_sutherland\release\background.obj
e:\tai_lieu\kythuatdohoa\cohen_sutherland\release\digital_graphics.res
e:\tai_lieu\kythuatdohoa\cohen_sutherland\release\digital_graphics.tlog\cl.command.1.tlog
e:\tai_lieu\kythuatdohoa\cohen_sutherland\release\digital_graphics.tlog\cl.read.1.tlog
e:\tai_lieu\kythuatdohoa\cohen_sutherland\release\digital_graphics.tlog\cl.write.1.tlog
e:\tai_lieu\kythuatdohoa\cohen_sutherland\release\digital_graphics.tlog\link.command.1.tlog
e:\tai_lieu\kythuatdohoa\cohen_sutherland\release\digital_graphics.tlog\link.read.1.tlog
e:\tai_lieu\kythuatdohoa\cohen_sutherland\release\digital_graphics.tlog\link.write.1.tlog
e:\tai_lieu\kythuatdohoa\cohen_sutherland\release\digital_graphics.tlog\rc.command.1.tlog
e:\tai_lieu\kythuatdohoa\cohen_sutherland\release\digital_graphics.tlog\rc.read.1.tlog
e:\tai_lieu\kythuatdohoa\cohen_sutherland\release\digital_graphics.tlog\rc.write.1.tlog
